<?xml version="1.0" encoding="UTF-8"?>
<!-- Generated by org.testng.reporters.JUnitReportReporter -->
<testsuite skipped="0" hostname="IONDELWS404" name="test.testScripts.PaytmMall" tests="1" failures="0" timestamp="02 Jan 2018 05:48:45 GMT" time="0.206" errors="0">
  <testcase name="search" time="0.206" classname="test.testScripts.PaytmMall"/>
</testsuite> <!-- test.testScripts.PaytmMall -->
